<?xml version="1.0" encoding="UTF-8"?>
<!-- Generated by org.testng.reporters.JUnitReportReporter -->
<testsuite skipped="0" hostname="192-168-1-7.tpgi.com.au" name="xeroLogin.xeroLogin.Login" tests="2" failures="0" timestamp="21 Jan 2019 14:53:43 GMT" time="44.963" errors="0">
  <testcase name="alternateLogin" time="0.009" classname="xeroLogin.xeroLogin.Login"/>
  <testcase name="login" time="44.954" classname="xeroLogin.xeroLogin.Login"/>
</testsuite> <!-- xeroLogin.xeroLogin.Login -->
